<?xml version="1.0" encoding="UTF-8"?>
<!-- Generated by org.testng.reporters.JUnitReportReporter -->
<testsuite hostname="Mattiass-MacBook-Pro-3.local" name="se.nackademin.examination.examination_jacoco.DataAnalysisTest" tests="7" failures="0" timestamp="19 Oct 2016 11:03:19 GMT" time="0.003" errors="0">
  <testcase name="testBuildFinalString2" time="0.000" classname="se.nackademin.examination.examination_jacoco.DataAnalysisTest"/>
  <testcase name="testBuildFinalString3" time="0.001" classname="se.nackademin.examination.examination_jacoco.DataAnalysisTest"/>
  <testcase name="testBuildFinalString6" time="0.000" classname="se.nackademin.examination.examination_jacoco.DataAnalysisTest"/>
  <testcase name="testBuildFinalString4a" time="0.000" classname="se.nackademin.examination.examination_jacoco.DataAnalysisTest"/>
  <testcase name="testBuildFinalString5" time="0.000" classname="se.nackademin.examination.examination_jacoco.DataAnalysisTest"/>
  <testcase name="testBuildFinalString1" time="0.001" classname="se.nackademin.examination.examination_jacoco.DataAnalysisTest"/>
  <testcase name="testBuildFinalString4b" time="0.001" classname="se.nackademin.examination.examination_jacoco.DataAnalysisTest"/>
</testsuite> <!-- se.nackademin.examination.examination_jacoco.DataAnalysisTest -->
